<?xml version="1.0" encoding="UTF-8"?>
<!-- Generated by org.testng.reporters.JUnitXMLReporter -->
<testsuite ignored="1" hostname="lenovo" failures="0" tests="3" name="Default test" time="0.098" errors="0" timestamp="2022-06-15T18:54:39 IST">
  <testcase classname="Demo.ClassThree" name="WebLoginCarLoan" time="0.01"/>
  <testcase classname="Demo.ClassThree" name="MobLoginCarLoan" time="0.006"/>
  <testcase classname="Demo.ClassThree" name="APILoginCarLoan" time="0.005"/>
  <testcase classname="Demo.ClassThree" name="MobSignInCarLoan" time="0.0">
    <ignored/>
  </testcase> <!-- MobSignInCarLoan -->
</testsuite> <!-- Default test -->
