<?xml version="1.0" encoding="UTF-8"?>
<!-- Generated by org.testng.reporters.JUnitXMLReporter -->
<testsuite ignored="2" hostname="lenovo" failures="0" tests="2" name="Car Loan" time="0.032" errors="0" timestamp="2022-06-15T19:07:49 IST">
  <testcase classname="Demo.ClassThree" name="WebLoginCarLoan" time="0.003"/>
  <testcase classname="Demo.ClassThree" name="APILoginCarLoan" time="0.004"/>
  <testcase classname="Demo.ClassThree" name="MobLoginCarLoan" time="0.0">
    <ignored/>
  </testcase> <!-- MobLoginCarLoan -->
  <testcase classname="Demo.ClassThree" name="MobSignInCarLoan" time="0.0">
    <ignored/>
  </testcase> <!-- MobSignInCarLoan -->
</testsuite> <!-- Car Loan -->
