<?xml version="1.0" encoding="UTF-8"?>
<!-- Generated by org.testng.reporters.JUnitXMLReporter -->
<testsuite ignored="0" hostname="lenovo" failures="0" tests="3" name="Home Loan" time="0.041" errors="0" timestamp="2022-06-15T19:07:49 IST">
  <testcase classname="Demo.ClassFour" name="APILoginHomeLoan" time="0.013"/>
  <testcase classname="Demo.ClassFour" name="MobLoginHomeLoan" time="0.002"/>
  <testcase classname="Demo.ClassFour" name="WebLoginHomeLoan" time="0.004"/>
</testsuite> <!-- Home Loan -->
