<?xml version="1.0" encoding="UTF-8"?>
<!-- Generated by org.testng.reporters.JUnitXMLReporter -->
<testsuite ignored="7" hostname="lenovo" failures="0" tests="3" name="Regression" time="0.089" errors="0" timestamp="2022-06-15T18:46:45 IST">
  <testcase classname="Demo.ClassOne" name="Demo" time="0.013"/>
  <testcase classname="Demo.ClassFour" name="MobLoginHomeLoan" time="0.003"/>
  <testcase classname="Demo.ClassFour" name="WebLoginHomeLoan" time="0.003"/>
  <testcase classname="Demo.ClassFour" name="APILoginHomeLoan" time="0.0">
    <ignored/>
  </testcase> <!-- APILoginHomeLoan -->
  <testcase classname="Demo.ClassThree" name="MobLoginCarLoan" time="0.0">
    <ignored/>
  </testcase> <!-- MobLoginCarLoan -->
  <testcase classname="Demo.ClassThree" name="WebLoginCarLoan" time="0.0">
    <ignored/>
  </testcase> <!-- WebLoginCarLoan -->
  <testcase classname="Demo.ClassTwo" name="xMethod" time="0.0">
    <ignored/>
  </testcase> <!-- xMethod -->
  <testcase classname="Demo.ClassOne" name="SecondTest" time="0.0">
    <ignored/>
  </testcase> <!-- SecondTest -->
  <testcase classname="Demo.ClassThree" name="MobSignInCarLoan" time="0.0">
    <ignored/>
  </testcase> <!-- MobSignInCarLoan -->
  <testcase classname="Demo.ClassThree" name="APILoginCarLoan" time="0.0">
    <ignored/>
  </testcase> <!-- APILoginCarLoan -->
</testsuite> <!-- Regression -->
