<?xml version="1.0" encoding="UTF-8"?>
<!-- Generated by org.testng.reporters.JUnitXMLReporter -->
<testsuite ignored="0" hostname="lenovo" failures="0" tests="6" name="Surefire test" time="0.096" errors="0" timestamp="2022-06-22T17:42:05 IST">
  <testcase classname="Selenium.Maven.APITest" name="androidApp" time="0.008"/>
  <testcase classname="Selenium.Maven.APITest" name="iosApp" time="0.0"/>
  <testcase classname="Selenium.Maven.AppiumTest" name="androidApp" time="0.001"/>
  <testcase classname="Selenium.Maven.AppiumTest" name="iosApp" time="0.0"/>
  <testcase classname="Selenium.Maven.SeleniumTest" name="androidApp" time="0.0"/>
  <testcase classname="Selenium.Maven.SeleniumTest" name="iosApp" time="0.0"/>
</testsuite> <!-- Surefire test -->
