<?xml version="1.0" encoding="UTF-8"?>
<testng-results ignored="0" total="1" passed="1" failed="0" skipped="0">
  <reporter-output>
  </reporter-output>
  <suite started-at="2022-07-05T16:51:54 IST" name="Suite" finished-at="2022-07-05T16:53:27 IST" duration-ms="92595">
    <groups>
    </groups>
    <test started-at="2022-07-05T16:51:54 IST" name="Test" finished-at="2022-07-05T16:53:27 IST" duration-ms="92595">
      <class name="Demo">
        <test-method signature="start()[pri:0, instance:Demo@5f683daf]" started-at="2022-07-05T16:51:54 IST" name="start" finished-at="2022-07-05T16:53:27 IST" duration-ms="92519" status="PASS">
          <reporter-output>
          </reporter-output>
        </test-method> <!-- start -->
      </class> <!-- Demo -->
    </test> <!-- Test -->
  </suite> <!-- Suite -->
</testng-results>
