<?xml version="1.0" encoding="UTF-8"?>
<!-- Generated by org.testng.reporters.JUnitXMLReporter -->
<testsuite ignored="0" hostname="lenovo" failures="0" tests="4" name="Test" time="0.148" errors="0" timestamp="2022-06-22T18:08:09 IST">
  <testcase classname="Selenium.Maven.APITest" name="androidApp" time="0.01"/>
  <testcase classname="Selenium.Maven.APITest" name="iosApp" time="0.001"/>
  <testcase classname="Selenium.Maven.AppiumTest" name="androidApp" time="0.002"/>
  <testcase classname="Selenium.Maven.AppiumTest" name="iosApp" time="0.001"/>
</testsuite> <!-- Test -->
